<?xml version="1.0" encoding="UTF-8"?>
<testsuites>
  <testsuite name="CodeIgniter Application Test Suite" tests="43" assertions="33" failures="0" errors="0" time="0.729114">
    <testsuite name="Admin_test" file="/Applications/XAMPP/xamppfiles/htdocs/kppl/application/tests/controllers/Admin_test.php" fullPackage="Admin" tests="23" assertions="15" failures="0" errors="0" time="0.475748">
      <testcase name="test_submit_masuk" class="Admin_test" file="/Applications/XAMPP/xamppfiles/htdocs/kppl/application/tests/controllers/Admin_test.php" line="24" assertions="1" time="0.027627"/>
      <testcase name="test_submit_masuk_kosong" class="Admin_test" file="/Applications/XAMPP/xamppfiles/htdocs/kppl/application/tests/controllers/Admin_test.php" line="34" assertions="0" time="0.016827"/>
      <testcase name="test_submit_masuk_sala" class="Admin_test" file="/Applications/XAMPP/xamppfiles/htdocs/kppl/application/tests/controllers/Admin_test.php" line="45" assertions="0" time="0.022121"/>
      <testcase name="test_viewdashboardadmin" class="Admin_test" file="/Applications/XAMPP/xamppfiles/htdocs/kppl/application/tests/controllers/Admin_test.php" line="55" assertions="1" time="0.017408"/>
      <testcase name="test_viewdatauser" class="Admin_test" file="/Applications/XAMPP/xamppfiles/htdocs/kppl/application/tests/controllers/Admin_test.php" line="62" assertions="1" time="0.018896"/>
      <testcase name="test_viewupdateorder" class="Admin_test" file="/Applications/XAMPP/xamppfiles/htdocs/kppl/application/tests/controllers/Admin_test.php" line="68" assertions="1" time="0.020239"/>
      <testcase name="test_viewhistoryadmin" class="Admin_test" file="/Applications/XAMPP/xamppfiles/htdocs/kppl/application/tests/controllers/Admin_test.php" line="74" assertions="1" time="0.017771"/>
      <testcase name="test_viewtambahadmin" class="Admin_test" file="/Applications/XAMPP/xamppfiles/htdocs/kppl/application/tests/controllers/Admin_test.php" line="80" assertions="1" time="0.016756"/>
      <testcase name="test_viewdataadmin" class="Admin_test" file="/Applications/XAMPP/xamppfiles/htdocs/kppl/application/tests/controllers/Admin_test.php" line="86" assertions="1" time="0.020263"/>
      <testcase name="test_viewdatahistory" class="Admin_test" file="/Applications/XAMPP/xamppfiles/htdocs/kppl/application/tests/controllers/Admin_test.php" line="92" assertions="1" time="0.019821"/>
      <testcase name="test_viewreaddata" class="Admin_test" file="/Applications/XAMPP/xamppfiles/htdocs/kppl/application/tests/controllers/Admin_test.php" line="97" assertions="1" time="0.022925"/>
      <testcase name="test_viewreaddata2" class="Admin_test" file="/Applications/XAMPP/xamppfiles/htdocs/kppl/application/tests/controllers/Admin_test.php" line="103" assertions="1" time="0.020089"/>
      <testcase name="test_submit_masuk_salah" class="Admin_test" file="/Applications/XAMPP/xamppfiles/htdocs/kppl/application/tests/controllers/Admin_test.php" line="109" assertions="1" time="0.023253"/>
      <testcase name="test_updateDataUser" class="Admin_test" file="/Applications/XAMPP/xamppfiles/htdocs/kppl/application/tests/controllers/Admin_test.php" line="120" assertions="0" time="0.020185"/>
      <testcase name="test_updateTransaksi" class="Admin_test" file="/Applications/XAMPP/xamppfiles/htdocs/kppl/application/tests/controllers/Admin_test.php" line="128" assertions="0" time="0.019971"/>
      <testcase name="test_updateOrder" class="Admin_test" file="/Applications/XAMPP/xamppfiles/htdocs/kppl/application/tests/controllers/Admin_test.php" line="133" assertions="0" time="0.021585"/>
      <testcase name="test_userupdate" class="Admin_test" file="/Applications/XAMPP/xamppfiles/htdocs/kppl/application/tests/controllers/Admin_test.php" line="137" assertions="0" time="0.023706"/>
      <testcase name="test_hapusData" class="Admin_test" file="/Applications/XAMPP/xamppfiles/htdocs/kppl/application/tests/controllers/Admin_test.php" line="141" assertions="0" time="0.020255"/>
      <testcase name="test_hapusAdmin" class="Admin_test" file="/Applications/XAMPP/xamppfiles/htdocs/kppl/application/tests/controllers/Admin_test.php" line="146" assertions="0" time="0.022228"/>
      <testcase name="test_submit_masuk_block" class="Admin_test" file="/Applications/XAMPP/xamppfiles/htdocs/kppl/application/tests/controllers/Admin_test.php" line="152" assertions="1" time="0.030709"/>
      <testcase name="test_addAdmin_berhasil" class="Admin_test" file="/Applications/XAMPP/xamppfiles/htdocs/kppl/application/tests/controllers/Admin_test.php" line="165" assertions="0" time="0.019429"/>
      <testcase name="test_addAdmin_gagal" class="Admin_test" file="/Applications/XAMPP/xamppfiles/htdocs/kppl/application/tests/controllers/Admin_test.php" line="176" assertions="0" time="0.017459"/>
      <testcase name="test_logout" class="Admin_test" file="/Applications/XAMPP/xamppfiles/htdocs/kppl/application/tests/controllers/Admin_test.php" line="186" assertions="3" time="0.016225"/>
    </testsuite>
    <testsuite name="User_test" file="/Applications/XAMPP/xamppfiles/htdocs/kppl/application/tests/controllers/User_test.php" fullPackage="User" tests="13" assertions="11" failures="0" errors="0" time="0.180790">
      <testcase name="test_login_berhasil" class="User_test" file="/Applications/XAMPP/xamppfiles/htdocs/kppl/application/tests/controllers/User_test.php" line="13" assertions="1" time="0.020504"/>
      <testcase name="test_login_masuk_salah" class="User_test" file="/Applications/XAMPP/xamppfiles/htdocs/kppl/application/tests/controllers/User_test.php" line="23" assertions="0" time="0.018076"/>
      <testcase name="test_login_emailkosong" class="User_test" file="/Applications/XAMPP/xamppfiles/htdocs/kppl/application/tests/controllers/User_test.php" line="31" assertions="1" time="0.012700"/>
      <testcase name="test_login_passwordkosong" class="User_test" file="/Applications/XAMPP/xamppfiles/htdocs/kppl/application/tests/controllers/User_test.php" line="41" assertions="1" time="0.012574"/>
      <testcase name="test_session" class="User_test" file="/Applications/XAMPP/xamppfiles/htdocs/kppl/application/tests/controllers/User_test.php" line="52" assertions="0" time="0.002565"/>
      <testcase name="test_viewshowDashboard1" class="User_test" file="/Applications/XAMPP/xamppfiles/htdocs/kppl/application/tests/controllers/User_test.php" line="58" assertions="1" time="0.013027"/>
      <testcase name="test_viewshowPrint1" class="User_test" file="/Applications/XAMPP/xamppfiles/htdocs/kppl/application/tests/controllers/User_test.php" line="64" assertions="1" time="0.013585"/>
      <testcase name="test_viewshowHistory" class="User_test" file="/Applications/XAMPP/xamppfiles/htdocs/kppl/application/tests/controllers/User_test.php" line="70" assertions="1" time="0.014913"/>
      <testcase name="test_viewreaddatalogin" class="User_test" file="/Applications/XAMPP/xamppfiles/htdocs/kppl/application/tests/controllers/User_test.php" line="75" assertions="1" time="0.014852"/>
      <testcase name="test_logoutuser" class="User_test" file="/Applications/XAMPP/xamppfiles/htdocs/kppl/application/tests/controllers/User_test.php" line="80" assertions="3" time="0.011936"/>
      <testcase name="test_addUser_berhasil" class="User_test" file="/Applications/XAMPP/xamppfiles/htdocs/kppl/application/tests/controllers/User_test.php" line="89" assertions="0" time="0.016325"/>
      <testcase name="test_addUser_kosong" class="User_test" file="/Applications/XAMPP/xamppfiles/htdocs/kppl/application/tests/controllers/User_test.php" line="100" assertions="1" time="0.014321"/>
      <testcase name="test_addUser_gagal" class="User_test" file="/Applications/XAMPP/xamppfiles/htdocs/kppl/application/tests/controllers/User_test.php" line="113" assertions="0" time="0.015412"/>
    </testsuite>
    <testsuite name="Welcome_test" file="/Applications/XAMPP/xamppfiles/htdocs/kppl/application/tests/controllers/Welcome_test.php" fullPackage="Welcome" tests="7" assertions="7" failures="0" errors="0" time="0.072576">
      <testcase name="test_welcome" class="Welcome_test" file="/Applications/XAMPP/xamppfiles/htdocs/kppl/application/tests/controllers/Welcome_test.php" line="19" assertions="1" time="0.010180"/>
      <testcase name="test_index" class="Welcome_test" file="/Applications/XAMPP/xamppfiles/htdocs/kppl/application/tests/controllers/Welcome_test.php" line="24" assertions="1" time="0.013978"/>
      <testcase name="test_indexlogin" class="Welcome_test" file="/Applications/XAMPP/xamppfiles/htdocs/kppl/application/tests/controllers/Welcome_test.php" line="37" assertions="1" time="0.012244"/>
      <testcase name="test_indexregister" class="Welcome_test" file="/Applications/XAMPP/xamppfiles/htdocs/kppl/application/tests/controllers/Welcome_test.php" line="43" assertions="1" time="0.012518"/>
      <testcase name="test_indexloginadmin" class="Welcome_test" file="/Applications/XAMPP/xamppfiles/htdocs/kppl/application/tests/controllers/Welcome_test.php" line="49" assertions="1" time="0.011265"/>
      <testcase name="test_method_404" class="Welcome_test" file="/Applications/XAMPP/xamppfiles/htdocs/kppl/application/tests/controllers/Welcome_test.php" line="68" assertions="1" time="0.009481"/>
      <testcase name="test_APPPATH" class="Welcome_test" file="/Applications/XAMPP/xamppfiles/htdocs/kppl/application/tests/controllers/Welcome_test.php" line="74" assertions="1" time="0.002910"/>
    </testsuite>
  </testsuite>
</testsuites>
